14:50:59 [App     ] Build date: Oct 28 2021, 11:52:19
14:50:59 [App     ] CPU: 11th Gen Intel(R) Core(TM) i7-11700F @ 2.50GHz (8 cores)
14:50:59 [App     ] RAM: 15.61GB Physical Memory 2.00GB Virtual Memory
14:50:59 [App     ] OS: Linux 5.4.0-89-generic (x86_64)
14:50:59 [App     ] SSE & AVX compatible CPU & OS detected
14:50:59 [App     ] Command line: -w /home/finley/CODE/MVS/data/openMVS_sample -i test_mesh.mvs -o test_refinemesh.mvs
14:50:59 [App     ] Scene loaded (225ms):
	11 images (11 calibrated) with a total of 63.22 MPixels (5.75 MPixels/image)
	0 points, 502984 vertices, 1005298 faces
14:51:07 [App     ] Cleaned mesh: 50586 vertices, 100527 faces (6s16ms)
14:51:07 [App     ] Cleaned mesh: 50586 vertices, 100527 faces (114ms)
14:51:11 [App     ] Cleaned mesh: 39521 vertices, 78253 faces (84ms)
14:51:11 [App     ] Mesh subdivided: 50586/100527 -> 39521/78253 vertices/faces
14:51:12 [App     ] 	 1. f: 22.09608 (5.5910e-04)	g: 0.62862 (1.5906e-05 - 1.2283e-03)	s: 0.500	v:     0
14:51:12 [App     ] 	 2. f: 21.65796 (5.4801e-04)	g: 0.37629 (9.5212e-06 - 9.8378e-04)	s: 0.490	v:     0
14:51:13 [App     ] 	 3. f: 21.38191 (5.4103e-04)	g: 0.39353 (9.9575e-06 - 8.6406e-04)	s: 0.480	v:     0
14:51:14 [App     ] 	 4. f: 21.20485 (5.3655e-04)	g: 0.35293 (8.9302e-06 - 7.7011e-04)	s: 0.471	v:     0
14:51:15 [App     ] 	 5. f: 21.07055 (5.3315e-04)	g: 0.30411 (7.6948e-06 - 6.9587e-04)	s: 0.461	v:     0
14:51:15 [App     ] 	 6. f: 20.98330 (5.3094e-04)	g: 0.35029 (8.8635e-06 - 6.5040e-04)	s: 0.452	v:     0
14:51:16 [App     ] 	 7. f: 20.89260 (5.2865e-04)	g: 0.39556 (1.0009e-05 - 6.0669e-04)	s: 0.443	v:     0
14:51:17 [App     ] 	 8. f: 20.86683 (5.2799e-04)	g: 0.30952 (7.8317e-06 - 5.5243e-04)	s: 0.434	v:     0
14:51:18 [App     ] 	 9. f: 20.80185 (5.2635e-04)	g: 0.31539 (7.9803e-06 - 5.2537e-04)	s: 0.425	v:     0
14:51:19 [App     ] 	10. f: 20.76046 (5.2530e-04)	g: 0.27872 (7.0524e-06 - 4.9616e-04)	s: 0.417	v:     0
14:51:19 [App     ] 	11. f: 20.73367 (5.2462e-04)	g: 0.35849 (9.0709e-06 - 4.9390e-04)	s: 0.409	v:     0
14:51:20 [App     ] 	12. f: 20.69732 (5.2370e-04)	g: 0.29101 (7.3634e-06 - 4.6014e-04)	s: 0.400	v:     0
14:51:21 [App     ] 	13. f: 20.65561 (5.2265e-04)	g: 0.26549 (6.7177e-06 - 4.3704e-04)	s: 0.392	v:     0
14:51:22 [App     ] 	14. f: 20.64518 (5.2238e-04)	g: 0.33406 (8.4528e-06 - 4.3292e-04)	s: 0.385	v:     0
14:51:22 [App     ] 	15. f: 20.62068 (5.2177e-04)	g: 0.35540 (8.9927e-06 - 4.2178e-04)	s: 0.377	v:     0
14:51:23 [App     ] 	16. f: 20.60777 (5.2144e-04)	g: 0.27420 (6.9380e-06 - 3.9588e-04)	s: 0.369	v:     0
14:51:24 [App     ] 	17. f: 20.58145 (5.2077e-04)	g: 0.32856 (8.3137e-06 - 3.9482e-04)	s: 0.362	v:     0
14:51:25 [App     ] 	18. f: 20.55246 (5.2004e-04)	g: 0.28483 (7.2071e-06 - 3.8204e-04)	s: 0.355	v:     0
14:51:25 [App     ] 	19. f: 20.54074 (5.1974e-04)	g: 0.42919 (1.0860e-05 - 3.7762e-04)	s: 0.348	v:     0
14:51:26 [App     ] 	20. f: 20.52082 (5.1924e-04)	g: 0.25694 (6.5014e-06 - 3.5899e-04)	s: 0.341	v:     0
14:51:27 [App     ] 	21. f: 20.50278 (5.1878e-04)	g: 0.24450 (6.1866e-06 - 3.5275e-04)	s: 0.334	v:     0
14:51:28 [App     ] 	22. f: 20.49716 (5.1864e-04)	g: 0.26904 (6.8074e-06 - 3.4754e-04)	s: 0.327	v:     0
14:51:28 [App     ] 	23. f: 20.48978 (5.1845e-04)	g: 0.24236 (6.1325e-06 - 3.3456e-04)	s: 0.321	v:     0
14:51:29 [App     ] 	24. f: 20.47618 (5.1811e-04)	g: 0.29788 (7.5373e-06 - 3.4226e-04)	s: 0.314	v:     0
14:51:30 [App     ] 	25. f: 20.47306 (5.1803e-04)	g: 0.25570 (6.4699e-06 - 3.2755e-04)	s: 0.308	v:     0
14:51:31 [App     ] 	26. f: 20.47482 (5.1807e-04)	g: 0.27043 (6.8427e-06 - 3.2698e-04)	s: 0.302	v:     0
14:51:32 [App     ] 	27. f: 20.45310 (5.1752e-04)	g: 0.29426 (7.4457e-06 - 3.2889e-04)	s: 0.296	v:     0
14:51:32 [App     ] 	28. f: 20.45094 (5.1747e-04)	g: 0.29077 (7.3574e-06 - 3.2197e-04)	s: 0.290	v:     0
14:51:33 [App     ] 	29. f: 20.44149 (5.1723e-04)	g: 0.31102 (7.8698e-06 - 3.2116e-04)	s: 0.284	v:     0
14:51:34 [App     ] 	30. f: 20.43028 (5.1695e-04)	g: 0.27589 (6.9809e-06 - 3.1356e-04)	s: 0.278	v:     0
14:51:35 [App     ] 	31. f: 20.42086 (5.1671e-04)	g: 0.27026 (6.8384e-06 - 3.0491e-04)	s: 0.273	v:     0
14:51:35 [App     ] 	32. f: 20.41381 (5.1653e-04)	g: 0.28803 (7.2880e-06 - 3.0402e-04)	s: 0.267	v:     0
14:51:36 [App     ] 	33. f: 20.41099 (5.1646e-04)	g: 0.30959 (7.8337e-06 - 3.0410e-04)	s: 0.262	v:     0
14:51:37 [App     ] 	34. f: 20.40802 (5.1638e-04)	g: 0.32080 (8.1171e-06 - 3.0204e-04)	s: 0.257	v:     0
14:51:38 [App     ] 	35. f: 20.41669 (5.1660e-04)	g: 0.29006 (7.3394e-06 - 2.9107e-04)	s: 0.252	v:     0
14:51:39 [App     ] 	36. f: 20.39622 (5.1609e-04)	g: 0.27416 (6.9370e-06 - 2.8810e-04)	s: 0.247	v:     0
14:51:39 [App     ] 	37. f: 20.38716 (5.1586e-04)	g: 0.38072 (9.6334e-06 - 2.9930e-04)	s: 0.242	v:     0
14:51:40 [App     ] 	38. f: 20.39266 (5.1600e-04)	g: 0.33491 (8.4741e-06 - 2.8499e-04)	s: 0.237	v:     0
14:51:41 [App     ] 	39. f: 20.37906 (5.1565e-04)	g: 0.29556 (7.4786e-06 - 2.8099e-04)	s: 0.232	v:     0
14:51:42 [App     ] 	40. f: 20.36455 (5.1528e-04)	g: 0.31589 (7.9930e-06 - 2.7968e-04)	s: 0.227	v:     0
14:51:42 [App     ] 	41. f: 20.35816 (5.1512e-04)	g: 0.28487 (7.2081e-06 - 2.7467e-04)	s: 0.223	v:     0
14:51:43 [App     ] 	42. f: 20.35456 (5.1503e-04)	g: 0.34238 (8.6632e-06 - 2.8265e-04)	s: 0.218	v:     0
14:51:44 [App     ] 	43. f: 20.35354 (5.1501e-04)	g: 0.37213 (9.4159e-06 - 2.8591e-04)	s: 0.214	v:     0
14:51:45 [App     ] 	44. f: 20.36608 (5.1532e-04)	g: 0.28868 (7.3043e-06 - 2.7149e-04)	s: 0.210	v:     0
14:51:46 [App     ] 	45. f: 20.35288 (5.1499e-04)	g: 0.35358 (8.9466e-06 - 2.7601e-04)	s: 0.206	v:     0
14:51:46 [App     ] Mesh subdivided: 39521/78253 -> 40436/80043 vertices/faces
14:51:49 [App     ] 	 1. f: 20.97135 (5.1863e-04)	g: 0.40534 (1.0024e-05 - 8.9343e-04)	s: 0.500	v:     0
14:51:52 [App     ] 	 2. f: 20.57450 (5.0882e-04)	g: 0.31441 (7.7755e-06 - 6.9273e-04)	s: 0.490	v:     0
14:51:55 [App     ] 	 3. f: 20.33571 (5.0291e-04)	g: 0.29575 (7.3140e-06 - 5.9212e-04)	s: 0.480	v:     0
14:51:58 [App     ] 	 4. f: 20.17287 (4.9888e-04)	g: 0.25937 (6.4144e-06 - 5.2335e-04)	s: 0.471	v:     0
14:52:00 [App     ] 	 5. f: 20.07472 (4.9646e-04)	g: 0.26731 (6.6107e-06 - 4.8506e-04)	s: 0.461	v:     0
14:52:03 [App     ] 	 6. f: 20.00321 (4.9469e-04)	g: 0.25519 (6.3110e-06 - 4.4975e-04)	s: 0.452	v:     0
14:52:06 [App     ] 	 7. f: 19.92327 (4.9271e-04)	g: 0.25071 (6.2002e-06 - 4.1990e-04)	s: 0.443	v:     0
14:52:09 [App     ] 	 8. f: 19.86905 (4.9137e-04)	g: 0.26366 (6.5204e-06 - 4.0698e-04)	s: 0.434	v:     0
14:52:12 [App     ] 	 9. f: 19.81997 (4.9016e-04)	g: 0.28193 (6.9722e-06 - 3.8631e-04)	s: 0.425	v:     0
14:52:16 [App     ] 	10. f: 19.79287 (4.8949e-04)	g: 0.24523 (6.0645e-06 - 3.6522e-04)	s: 0.417	v:     0
14:52:20 [App     ] 	11. f: 19.76044 (4.8868e-04)	g: 0.24276 (6.0036e-06 - 3.4918e-04)	s: 0.409	v:     0
14:52:24 [App     ] 	12. f: 19.72619 (4.8784e-04)	g: 0.26995 (6.6760e-06 - 3.4399e-04)	s: 0.400	v:     0
14:52:28 [App     ] 	13. f: 19.69710 (4.8712e-04)	g: 0.28128 (6.9562e-06 - 3.3857e-04)	s: 0.392	v:     0
14:52:31 [App     ] 	14. f: 19.67090 (4.8647e-04)	g: 0.24197 (5.9840e-06 - 3.1742e-04)	s: 0.385	v:     0
14:52:33 [App     ] 	15. f: 19.65037 (4.8596e-04)	g: 0.26199 (6.4792e-06 - 3.1911e-04)	s: 0.377	v:     0
14:52:36 [App     ] 	16. f: 19.64022 (4.8571e-04)	g: 0.26322 (6.5095e-06 - 3.0885e-04)	s: 0.369	v:     0
14:52:39 [App     ] 	17. f: 19.61535 (4.8510e-04)	g: 0.26978 (6.6719e-06 - 3.0809e-04)	s: 0.362	v:     0
14:52:42 [App     ] 	18. f: 19.60126 (4.8475e-04)	g: 0.23753 (5.8743e-06 - 3.0097e-04)	s: 0.355	v:     0
14:52:45 [App     ] 	19. f: 19.58493 (4.8434e-04)	g: 0.27913 (6.9030e-06 - 3.0398e-04)	s: 0.348	v:     0
14:52:48 [App     ] 	20. f: 19.56457 (4.8384e-04)	g: 0.24821 (6.1382e-06 - 2.8846e-04)	s: 0.341	v:     0
14:52:51 [App     ] 	21. f: 19.55916 (4.8371e-04)	g: 0.20584 (5.0906e-06 - 2.7041e-04)	s: 0.334	v:     0
14:52:54 [App     ] 	22. f: 19.52605 (4.8289e-04)	g: 0.25082 (6.2030e-06 - 2.7906e-04)	s: 0.327	v:     0
14:52:59 [App     ] Mesh subdivided: 40436/80043 -> 70135/139080 vertices/faces
14:53:13 [App     ] 	 1. f: 22.36081 (3.1883e-04)	g: 0.42130 (6.0070e-06 - 9.8315e-04)	s: 0.500	v:     0
14:53:24 [App     ] 	 2. f: 21.91270 (3.1244e-04)	g: 0.34577 (4.9300e-06 - 7.8990e-04)	s: 0.490	v:     0
14:53:36 [App     ] 	 3. f: 21.62218 (3.0829e-04)	g: 0.30191 (4.3047e-06 - 6.7926e-04)	s: 0.480	v:     0
14:53:47 [App     ] 	 4. f: 21.40832 (3.0524e-04)	g: 0.27069 (3.8596e-06 - 5.9403e-04)	s: 0.471	v:     0
14:53:58 [App     ] 	 5. f: 21.23067 (3.0271e-04)	g: 0.26831 (3.8256e-06 - 5.3627e-04)	s: 0.461	v:     0
14:54:09 [App     ] 	 6. f: 21.09092 (3.0072e-04)	g: 0.26615 (3.7948e-06 - 4.8895e-04)	s: 0.452	v:     0
14:54:20 [App     ] 	 7. f: 20.98213 (2.9917e-04)	g: 0.25802 (3.6789e-06 - 4.4844e-04)	s: 0.443	v:     0
14:54:32 [App     ] 	 8. f: 20.88501 (2.9778e-04)	g: 0.23584 (3.3626e-06 - 4.0916e-04)	s: 0.434	v:     0
14:54:43 [App     ] 	 9. f: 20.81211 (2.9674e-04)	g: 0.24017 (3.4243e-06 - 3.8194e-04)	s: 0.425	v:     0
14:54:54 [App     ] 	10. f: 20.74555 (2.9579e-04)	g: 0.24635 (3.5125e-06 - 3.6081e-04)	s: 0.417	v:     0
14:55:06 [App     ] 	11. f: 20.68817 (2.9498e-04)	g: 0.24760 (3.5303e-06 - 3.4198e-04)	s: 0.409	v:     0
14:55:17 [App     ] 	12. f: 20.63882 (2.9427e-04)	g: 0.23119 (3.2964e-06 - 3.2262e-04)	s: 0.400	v:     0
14:55:28 [App     ] 	13. f: 20.59401 (2.9363e-04)	g: 0.21932 (3.1271e-06 - 3.0559e-04)	s: 0.392	v:     0
14:55:39 [App     ] 	14. f: 20.55835 (2.9313e-04)	g: 0.22428 (3.1978e-06 - 2.9256e-04)	s: 0.385	v:     0
14:55:50 [App     ] 	15. f: 20.52432 (2.9264e-04)	g: 0.22044 (3.1431e-06 - 2.7906e-04)	s: 0.377	v:     0
14:55:50 [App     ] Mesh refinement completed: 70135 vertices, 139080 faces (4m51s121ms)
14:55:50 [App     ] Scene saved (61ms):
	11 images (11 calibrated)
	0 points, 70135 vertices, 139080 faces
14:55:50 [App     ] Mesh saved: 70135 vertices, 139080 faces (12ms)
14:55:50 [App     ] MEMORYINFO: {
14:55:50 [App     ] 	VmPeak:	 6271712 kB
14:55:50 [App     ] 	VmSize:	 4944140 kB
14:55:50 [App     ] } ENDINFO
